[2018-03-21 10:57:37.518] [sharedprocess] [info] main {"machineId":"c11d97428320c63b0fddad45afaa3a46c3c0ee77bae388a46e7f1fd118edc8f6"}
[2018-03-21 10:57:37.553] [sharedprocess] [info] Scanned user extensions: 1
[2018-03-21 10:57:37.600] [sharedprocess] [info] Scanned system extensions: 65
[2018-03-21 10:57:38.654] [sharedprocess] [info] Scanned user extensions: 1
[2018-03-21 10:57:38.654] [sharedprocess] [info] Scanned user extensions: 1
[2018-03-21 10:57:38.655] [sharedprocess] [info] Scanned user extensions: 1
[2018-03-21 10:57:38.725] [sharedprocess] [info] Scanned system extensions: 65
[2018-03-21 10:57:38.728] [sharedprocess] [info] Scanned system extensions: 65
[2018-03-21 10:57:41.027] [sharedprocess] [info] Scanned user extensions: 1
[2018-03-21 10:57:41.777] [sharedprocess] [info] Scanned user extensions: 1
[2018-03-21 10:57:41.855] [sharedprocess] [info] Scanned system extensions: 65
[2018-03-21 10:57:42.375] [sharedprocess] [info] Installing extension: vscode-eslint
[2018-03-21 10:57:43.231] [sharedprocess] [info] Downloaded extension: vscode-eslint
[2018-03-21 10:57:43.549] [sharedprocess] [info] Extracted extension to /home/robot/.vscode/extensions/dbaeumer.vscode-eslint-1.4.7: dbaeumer.vscode-eslint-1.4.7
[2018-03-21 10:57:43.558] [sharedprocess] [info] Updated metadata of the extension: dbaeumer.vscode-eslint-1.4.7
[2018-03-21 10:57:43.558] [sharedprocess] [info] Extensions installed successfully: dbaeumer.vscode-eslint
[2018-03-21 10:57:43.713] [sharedprocess] [info] Scanned user extensions: 2
[2018-03-21 10:57:43.729] [sharedprocess] [info] Scanned user extensions: 2
[2018-03-21 10:57:43.807] [sharedprocess] [info] Scanned system extensions: 65
[2018-03-21 10:57:43.810] [sharedprocess] [info] Scanned system extensions: 65
[2018-03-21 10:57:45.513] [sharedprocess] [info] Scanned user extensions: 2
[2018-03-21 10:57:45.515] [sharedprocess] [info] Scanned user extensions: 2
[2018-03-21 10:57:45.520] [sharedprocess] [info] Scanned user extensions: 2
[2018-03-21 10:57:45.526] [sharedprocess] [info] Scanned user extensions: 2
[2018-03-21 10:57:45.610] [sharedprocess] [info] Scanned system extensions: 65
[2018-03-21 10:57:45.618] [sharedprocess] [info] Scanned system extensions: 65
[2018-03-21 10:57:45.623] [sharedprocess] [info] Scanned system extensions: 65
[2018-03-21 10:57:47.514] [sharedprocess] [info] Scanned user extensions: 2
[2018-03-21 10:57:47.520] [sharedprocess] [info] Scanned user extensions: 2
[2018-03-21 10:57:47.521] [sharedprocess] [info] Scanned user extensions: 2
[2018-03-21 10:57:47.558] [sharedprocess] [info] Scanned system extensions: 65
[2018-03-21 10:57:47.561] [sharedprocess] [info] Scanned system extensions: 65
[2018-03-21 10:57:48.273] [sharedprocess] [info] Scanned user extensions: 2
[2018-03-21 10:58:17.527] [sharedprocess] [info] Starting to clean up unused language packs.
[2018-03-21 10:58:18.225] [sharedprocess] [info] Scanned user extensions: 2
[2018-03-21 10:58:18.228] [sharedprocess] [info] Scanned user extensions: 2
[2018-03-21 10:58:18.282] [sharedprocess] [info] Scanned system extensions: 65
[2018-03-21 10:58:18.288] [sharedprocess] [info] Scanned system extensions: 65
[2018-03-21 10:59:20.812] [sharedprocess] [info] Scanned user extensions: 2
[2018-03-21 10:59:20.829] [sharedprocess] [info] Scanned user extensions: 2
[2018-03-21 10:59:20.836] [sharedprocess] [info] Scanned user extensions: 2
[2018-03-21 10:59:20.895] [sharedprocess] [info] Scanned system extensions: 65
[2018-03-21 10:59:20.900] [sharedprocess] [info] Scanned system extensions: 65
[2018-03-21 10:59:23.213] [sharedprocess] [info] Scanned user extensions: 2
[2018-03-21 11:00:29.844] [sharedprocess] [info] Scanned user extensions: 2
[2018-03-21 11:00:29.847] [sharedprocess] [info] Scanned user extensions: 2
[2018-03-21 11:00:29.848] [sharedprocess] [info] Scanned user extensions: 2
[2018-03-21 11:00:29.891] [sharedprocess] [info] Scanned system extensions: 65
[2018-03-21 11:00:29.893] [sharedprocess] [info] Scanned system extensions: 65
[2018-03-21 11:00:35.945] [sharedprocess] [info] Installing extension: jshint
[2018-03-21 11:00:37.040] [sharedprocess] [info] Downloaded extension: jshint
[2018-03-21 11:00:39.439] [sharedprocess] [info] Installing extension: beautify
[2018-03-21 11:00:40.191] [sharedprocess] [info] Downloaded extension: beautify
[2018-03-21 11:00:40.648] [sharedprocess] [info] Extracted extension to /home/robot/.vscode/extensions/HookyQR.beautify-1.3.0: HookyQR.beautify-1.3.0
[2018-03-21 11:00:40.660] [sharedprocess] [info] Updated metadata of the extension: HookyQR.beautify-1.3.0
[2018-03-21 11:00:40.660] [sharedprocess] [info] Extensions installed successfully: HookyQR.beautify
[2018-03-21 11:00:40.794] [sharedprocess] [info] Scanned user extensions: 3
[2018-03-21 11:00:40.831] [sharedprocess] [info] Scanned system extensions: 65
[2018-03-21 11:00:41.655] [sharedprocess] [info] Extracted extension to /home/robot/.vscode/extensions/dbaeumer.jshint-0.10.17: dbaeumer.jshint-0.10.17
[2018-03-21 11:00:41.672] [sharedprocess] [info] Updated metadata of the extension: dbaeumer.jshint-0.10.17
[2018-03-21 11:00:41.672] [sharedprocess] [info] Extensions installed successfully: dbaeumer.jshint
[2018-03-21 11:00:42.854] [sharedprocess] [info] Scanned user extensions: 4
[2018-03-21 11:00:42.867] [sharedprocess] [info] Scanned user extensions: 4
[2018-03-21 11:00:42.874] [sharedprocess] [info] Scanned user extensions: 4
[2018-03-21 11:00:42.932] [sharedprocess] [info] Scanned system extensions: 65
[2018-03-21 11:00:42.935] [sharedprocess] [info] Scanned system extensions: 65
[2018-03-21 11:00:42.937] [sharedprocess] [info] Scanned system extensions: 65
