[2018-03-21 10:48:35.077] [sharedprocess] [info] main {"machineId":"c11d97428320c63b0fddad45afaa3a46c3c0ee77bae388a46e7f1fd118edc8f6"}
[2018-03-21 10:48:35.108] [sharedprocess] [info] Scanned user extensions: 0
[2018-03-21 10:48:35.158] [sharedprocess] [info] Scanned system extensions: 65
[2018-03-21 10:48:36.979] [sharedprocess] [info] Scanned user extensions: 0
[2018-03-21 10:48:36.983] [sharedprocess] [info] Scanned user extensions: 0
[2018-03-21 10:48:36.985] [sharedprocess] [info] Scanned user extensions: 0
[2018-03-21 10:48:37.010] [sharedprocess] [info] Scanned user extensions: 0
[2018-03-21 10:48:37.121] [sharedprocess] [info] Scanned system extensions: 65
[2018-03-21 10:48:37.124] [sharedprocess] [info] Scanned system extensions: 65
[2018-03-21 10:48:37.129] [sharedprocess] [info] Scanned system extensions: 65
[2018-03-21 10:48:39.870] [sharedprocess] [info] Scanned user extensions: 0
[2018-03-21 10:48:50.293] [sharedprocess] [info] Scanned user extensions: 0
[2018-03-21 10:48:50.326] [sharedprocess] [info] Scanned system extensions: 65
[2018-03-21 10:48:50.849] [sharedprocess] [info] Installing extension: vim
[2018-03-21 10:48:51.719] [sharedprocess] [info] Downloaded extension: vim
[2018-03-21 10:48:53.022] [sharedprocess] [info] Extracted extension to /home/robot/.vscode/extensions/vscodevim.vim-0.11.2: vscodevim.vim-0.11.2
[2018-03-21 10:48:53.041] [sharedprocess] [info] Updated metadata of the extension: vscodevim.vim-0.11.2
[2018-03-21 10:48:53.042] [sharedprocess] [info] Extensions installed successfully: vscodevim.vim
[2018-03-21 10:48:53.183] [sharedprocess] [info] Scanned user extensions: 1
[2018-03-21 10:48:53.185] [sharedprocess] [info] Scanned user extensions: 1
[2018-03-21 10:48:53.219] [sharedprocess] [info] Scanned system extensions: 65
[2018-03-21 10:48:53.225] [sharedprocess] [info] Scanned system extensions: 65
[2018-03-21 10:48:55.139] [sharedprocess] [info] Scanned user extensions: 1
[2018-03-21 10:48:55.140] [sharedprocess] [info] Scanned user extensions: 1
[2018-03-21 10:48:55.141] [sharedprocess] [info] Scanned user extensions: 1
[2018-03-21 10:48:55.148] [sharedprocess] [info] Scanned user extensions: 1
[2018-03-21 10:48:55.220] [sharedprocess] [info] Scanned system extensions: 65
[2018-03-21 10:48:55.224] [sharedprocess] [info] Scanned system extensions: 65
[2018-03-21 10:48:55.228] [sharedprocess] [info] Scanned system extensions: 65
[2018-03-21 10:48:57.936] [sharedprocess] [info] Scanned user extensions: 1
[2018-03-21 10:49:00.028] [sharedprocess] [info] Scanned user extensions: 1
[2018-03-21 10:49:00.029] [sharedprocess] [info] Scanned user extensions: 1
[2018-03-21 10:49:00.033] [sharedprocess] [info] Scanned user extensions: 1
[2018-03-21 10:49:00.068] [sharedprocess] [info] Scanned system extensions: 65
[2018-03-21 10:49:00.070] [sharedprocess] [info] Scanned system extensions: 65
[2018-03-21 10:49:15.088] [sharedprocess] [info] Starting to clean up unused language packs.
[2018-03-21 10:53:57.971] [sharedprocess] [info] Scanned user extensions: 1
[2018-03-21 10:57:15.657] [sharedprocess] [info] Scanned user extensions: 1
[2018-03-21 10:57:15.658] [sharedprocess] [info] Scanned user extensions: 1
[2018-03-21 10:57:15.702] [sharedprocess] [info] Scanned system extensions: 65
[2018-03-21 10:57:15.709] [sharedprocess] [info] Scanned system extensions: 65
[2018-03-21 10:57:28.194] [sharedprocess] [info] Scanned user extensions: 1
[2018-03-21 10:57:28.197] [sharedprocess] [info] Scanned user extensions: 1
[2018-03-21 10:57:28.237] [sharedprocess] [info] Scanned system extensions: 65
[2018-03-21 10:57:28.243] [sharedprocess] [info] Scanned system extensions: 65
