Desktop is 1600 x 900 @ 60 Hz
GLX Extensions: GLX_ARB_create_context GLX_ARB_create_context_profile GLX_ARB_create_context_robustness GLX_ARB_fbconfig_float GLX_ARB_framebuffer_sRGB GLX_ARB_get_proc_address GLX_ARB_multisample GLX_EXT_buffer_age GLX_EXT_create_context_es2_profile GLX_EXT_create_context_es_profile GLX_EXT_fbconfig_packed_float GLX_EXT_framebuffer_sRGB GLX_EXT_import_context GLX_EXT_texture_from_pixmap GLX_EXT_visual_info GLX_EXT_visual_rating GLX_INTEL_swap_event GLX_MESA_copy_sub_buffer GLX_MESA_multithread_makecurrent GLX_MESA_query_renderer GLX_MESA_swap_control GLX_OML_swap_method GLX_OML_sync_control GLX_SGIS_multisample GLX_SGIX_fbconfig GLX_SGIX_pbuffer GLX_SGIX_visual_select_group GLX_SGI_make_current_read GLX_SGI_swap_control GLX_SGI_video_sync 
[Package Manager] Server::Start -- Port 56351 was selected

LICENSE SYSTEM [2018322 15:28:34] Next license update check is after 2018-03-16T10:28:57


 COMMAND LINE ARGUMENTS:
/opt/Unity/Editor/Unity
-no-throttle-updates
[0322/152834:ERROR:browser_main_loop.cc(161)] Running without the SUID sandbox! See https://code.google.com/p/chromium/wiki/LinuxSUIDSandboxDevelopment for more information on developing with the sandbox on.
[0322/152835:ERROR:gpu_channel_host.cc(148)] GpuChannelHost::CreateViewCommandBuffer failed.
[0322/152835:ERROR:webgraphicscontext3d_command_buffer_impl.cc(256)] Failed to initialize command buffer.
[0322/152835:ERROR:gpu_channel_host.cc(148)] GpuChannelHost::CreateViewCommandBuffer failed.
[0322/152835:ERROR:webgraphicscontext3d_command_buffer_impl.cc(256)] Failed to initialize command buffer.
[0322/152835:ERROR:gpu_channel_host.cc(148)] GpuChannelHost::CreateViewCommandBuffer failed.
[0322/152835:ERROR:webgraphicscontext3d_command_buffer_impl.cc(256)] Failed to initialize command buffer.
[0322/152835:ERROR:gpu_channel_host.cc(148)] GpuChannelHost::CreateViewCommandBuffer failed.
[0322/152835:ERROR:webgraphicscontext3d_command_buffer_impl.cc(256)] Failed to initialize command buffer.
[0322/152835:ERROR:renderer_main.cc(227)] Running without renderer sandbox
[0322/152836:ERROR:gpu_channel_host.cc(148)] GpuChannelHost::CreateViewCommandBuffer failed.
[0322/152836:ERROR:webgraphicscontext3d_command_buffer_impl.cc(256)] Failed to initialize command buffer.
Request timed out while processing request "https://public-cdn.cloud.unity3d.com/config/production", HTTP error code 0
.[UnityConnect] Request timed out.
/home/robot/Codes/Unity/testUnity
UpdateMenuTitleForLanguage: 10
Loading GUID <-> Path mappings...0,000032 seconds
Loading Asset Database...0,027133 seconds
Audio: FMOD Profiler initialized on port 54900
AudioManager: Using PulseAudio: Default Output Device
AssetDatabase consistency checks...0,451221 seconds
Refreshing native plugins compatible for Editor in 18,74 ms, found 0 plugins.
Preloading 0 native plugins for Editor in 0,00 ms.
[Package Manager] Resolving 4 packages:
[Package Manager]  * Package :  com.unity.ads@2.0.3
    (location: /home/robot/.config/unity3d/cache/packages/packages.unity.com/com.unity.ads@2.0.3)
[Package Manager]  * Package :  com.unity.analytics@2.0.13
    (location: /home/robot/.config/unity3d/cache/packages/packages.unity.com/com.unity.analytics@2.0.13)
[Package Manager]  * Package :  com.unity.purchasing@0.0.19
    (location: /home/robot/.config/unity3d/cache/packages/packages.unity.com/com.unity.purchasing@0.0.19)
[Package Manager]  * Package :  com.unity.standardevents@1.0.10
    (location: /home/robot/.config/unity3d/cache/packages/packages.unity.com/com.unity.standardevents@1.0.10)
[Package Manager] Resolve completed
IsTimeToCheckForNewEditor: Update time 0 current 1521728931
Initialize engine version: 2017.3.1f1 (aea5ecb8f9fd)
Renderer: Mesa DRI Intel(R) HD Graphics 620 (Kaby Lake GT2) 
Vendor:   Intel Open Source Technology Center
Version:  4.5 (Core Profile) Mesa 17.3.6
GLES:     0
 GL_3DFX_texture_compression_FXT1 GL_AMD_conservative_depth GL_AMD_draw_buffers_blend GL_AMD_seamless_cubemap_per_texture GL_AMD_shader_stencil_export GL_AMD_shader_trinary_minmax GL_AMD_vertex_shader_layer GL_AMD_vertex_shader_viewport_index GL_ANGLE_texture_compression_dxt3 GL_ANGLE_texture_compression_dxt5 GL_APPLE_object_purgeable GL_ARB_ES2_compatibility GL_ARB_ES3_1_compatibility GL_ARB_ES3_2_compatibility GL_ARB_ES3_compatibility GL_ARB_arrays_of_arrays GL_ARB_base_instance GL_ARB_blend_func_extended GL_ARB_buffer_storage GL_ARB_clear_buffer_object GL_ARB_clear_texture GL_ARB_clip_control GL_ARB_compressed_texture_pixel_storage GL_ARB_compute_shader GL_ARB_conditional_render_inverted GL_ARB_conservative_depth GL_ARB_copy_buffer GL_ARB_copy_image GL_ARB_cull_distance GL_ARB_debug_output GL_ARB_depth_buffer_float GL_ARB_depth_clamp GL_ARB_derivative_control GL_ARB_direct_state_access GL_ARB_draw_buffers GL_ARB_draw_buffers_blend GL_ARB_draw_elements_base_vertex GL_ARB_draw_indirect GL_ARB_draw_instanced
 GL_ARB_enhanced_layouts GL_ARB_explicit_attrib_location GL_ARB_explicit_uniform_location GL_ARB_fragment_coord_conventions GL_ARB_fragment_layer_viewport GL_ARB_fragment_shader GL_ARB_framebuffer_no_attachments GL_ARB_framebuffer_object GL_ARB_framebuffer_sRGB GL_ARB_get_program_binary GL_ARB_get_texture_sub_image GL_ARB_gpu_shader5 GL_ARB_gpu_shader_fp64 GL_ARB_gpu_shader_int64 GL_ARB_half_float_pixel GL_ARB_half_float_vertex GL_ARB_indirect_parameters GL_ARB_instanced_arrays GL_ARB_internalformat_query GL_ARB_internalformat_query2 GL_ARB_invalidate_subdata GL_ARB_map_buffer_alignment GL_ARB_map_buffer_range GL_ARB_multi_bind GL_ARB_multi_draw_indirect GL_ARB_occlusion_query2 GL_ARB_pipeline_statistics_query GL_ARB_pixel_buffer_object GL_ARB_point_sprite GL_ARB_polygon_offset_clamp GL_ARB_post_depth_coverage GL_ARB_program_interface_query GL_ARB_provoking_vertex GL_ARB_query_buffer_object GL_ARB_robust_buffer_access_behavior GL_ARB_robustness GL_ARB_sample_shading GL_ARB_sampler_objects GL_ARB_seamless_cub
e_map GL_ARB_seamless_cubemap_per_texture GL_ARB_separate_shader_objects GL_ARB_shader_atomic_counter_ops GL_ARB_shader_atomic_counters GL_ARB_shader_ballot GL_ARB_shader_bit_encoding GL_ARB_shader_clock GL_ARB_shader_draw_parameters GL_ARB_shader_group_vote GL_ARB_shader_image_load_store GL_ARB_shader_image_size GL_ARB_shader_objects GL_ARB_shader_precision GL_ARB_shader_stencil_export GL_ARB_shader_storage_buffer_object GL_ARB_shader_subroutine GL_ARB_shader_texture_image_samples GL_ARB_shader_texture_lod GL_ARB_shader_viewport_layer_array GL_ARB_shading_language_420pack GL_ARB_shading_language_packing GL_ARB_stencil_texturing GL_ARB_sync GL_ARB_tessellation_shader GL_ARB_texture_barrier GL_ARB_texture_buffer_object GL_ARB_texture_buffer_object_rgb32 GL_ARB_texture_buffer_range GL_ARB_texture_compression_bptc GL_ARB_texture_compression_rgtc GL_ARB_texture_cube_map_array GL_ARB_texture_filter_anisotropic GL_ARB_texture_float GL_ARB_texture_gather GL_ARB_texture_mirror_clamp_to_edge GL_ARB_texture_multisampl
e GL_ARB_texture_non_power_of_two GL_ARB_texture_query_levels GL_ARB_texture_query_lod GL_ARB_texture_rectangle GL_ARB_texture_rg GL_ARB_texture_rgb10_a2ui GL_ARB_texture_stencil8 GL_ARB_texture_storage GL_ARB_texture_storage_multisample GL_ARB_texture_swizzle GL_ARB_texture_view GL_ARB_timer_query GL_ARB_transform_feedback2 GL_ARB_transform_feedback3 GL_ARB_transform_feedback_instanced GL_ARB_transform_feedback_overflow_query GL_ARB_uniform_buffer_object GL_ARB_vertex_array_bgra GL_ARB_vertex_array_object GL_ARB_vertex_attrib_64bit GL_ARB_vertex_attrib_binding GL_ARB_vertex_shader GL_ARB_vertex_type_10f_11f_11f_rev GL_ARB_vertex_type_2_10_10_10_rev GL_ARB_viewport_array GL_ATI_blend_equation_separate GL_ATI_texture_float GL_EXT_abgr GL_EXT_blend_equation_separate GL_EXT_draw_buffers2 GL_EXT_draw_instanced GL_EXT_framebuffer_blit GL_EXT_framebuffer_multisample GL_EXT_framebuffer_multisample_blit_scaled GL_EXT_framebuffer_sRGB GL_EXT_packed_depth_stencil GL_EXT_packed_float GL_EXT_pixel_buffer_object GL_EXT_p
olygon_offset_clamp GL_EXT_provoking_vertex GL_EXT_shader_integer_mix GL_EXT_shader_samples_identical GL_EXT_texture_array GL_EXT_texture_compression_dxt1 GL_EXT_texture_compression_rgtc GL_EXT_texture_compression_s3tc GL_EXT_texture_filter_anisotropic GL_EXT_texture_integer GL_EXT_texture_sRGB GL_EXT_texture_sRGB_decode GL_EXT_texture_shared_exponent GL_EXT_texture_snorm GL_EXT_texture_swizzle GL_EXT_timer_query GL_EXT_transform_feedback GL_EXT_vertex_array_bgra GL_IBM_multimode_draw_arrays GL_INTEL_conservative_rasterization GL_INTEL_performance_query GL_KHR_blend_equation_advanced GL_KHR_blend_equation_advanced_coherent GL_KHR_context_flush_control GL_KHR_debug GL_KHR_no_error GL_KHR_robust_buffer_access_behavior GL_KHR_robustness GL_KHR_texture_compression_astc_ldr GL_KHR_texture_compression_astc_sliced_3d GL_MESA_pack_invert GL_MESA_shader_integer_functions GL_MESA_texture_signed_rgba GL_NV_conditional_render GL_NV_depth_clamp GL_NV_packed_depth_stencil GL_NV_texture_barrier GL_OES_EGL_image GL_S3_s3tc
OPENGL LOG: Creating OpenGL 4.5 graphics device ; Context level  <OpenGL 4.5> ; Context handle 1298640896
Initialize mono
Mono path[0] = '/opt/Unity/Editor/Data/Managed'
Mono path[1] = '/opt/Unity/Editor/Data/Mono/lib/mono/2.0'
Mono config path = '/opt/Unity/Editor/Data/Mono/etc'
Using monoOptions --debugger-agent=transport=dt_socket,embedding=1,defer=y,address=0.0.0.0:56580
Begin MonoManager ReloadAssembly
Initializing Unity.PackageManager (PackageManager) v2017.3.1 for Unity v2017.3.1f1
Registering precompiled unity dll's ...
Register platform support module: /opt/Unity/Editor/Data/PlaybackEngines/LinuxStandaloneSupport/UnityEditor.LinuxStandalone.Extensions.dll
Registered in 0,018144 seconds.
Refreshing native plugins compatible for Editor in 0,33 ms, found 0 plugins.
Preloading 0 native plugins for Editor in 0,00 ms.
Mono: successfully reloaded assembly
- Completed reload, in  2,515 seconds
Registering platform support modules:
Registered platform support modules in: 0,2580973s.
Native extension for LinuxStandalone target not found
Begin MonoManager ReloadAssembly
Registering precompiled user dll's ...
Registered in 0,059240 seconds.
Refreshing native plugins compatible for Editor in 0,32 ms, found 0 plugins.
Preloading 0 native plugins for Editor in 0,00 ms.
Mono: successfully reloaded assembly
- Completed reload, in  0,812 seconds
Initializing Unity.PackageManager (PackageManager) v2017.3.1 for Unity v2017.3.1f1
Registering platform support modules:
Registered platform support modules in: 0,0487926s.
Native extension for LinuxStandalone target not found
Validating Project structure ... 0,119380 seconds.
Refresh: detecting if any assets need to be imported or removed ... Refresh: elapses 0,164154 seconds
Refreshing native plugins compatible for Editor in 0,48 ms, found 0 plugins.
Preloading 0 native plugins for Editor in 0,00 ms.

----- Total AssetImport time: 0,123955s, AssetImport time: 0,000001s, Asset hashing: 0,000000s [0 B, 0,000000 mb/s]

Warming cache for 391 main assets: 0,001904 seconds elapsed
Initializing Unity extensions:
 '/opt/Unity/Editor/Data/UnityExtensions/Unity/UnityHoloLens/Editor/UnityEditor.HoloLens.dll'  GUID: 12fd8a0055b84bb59e84c9835a37e333
 '/opt/Unity/Editor/Data/UnityExtensions/Unity/Timeline/Runtime/UnityEngine.Timeline.dll'  GUID: 6a10b2909283487f913b00d94cd3faf5
 '/opt/Unity/Editor/Data/UnityExtensions/Unity/TestRunner/portable/nunit.framework.dll'  GUID: 405b9b51bb344a128608d968297df79c
 '/opt/Unity/Editor/Data/UnityExtensions/Unity/GUISystem/Standalone/UnityEngine.UI.dll'  GUID: f70555f144d8491a825f0804e09c671c
 '/opt/Unity/Editor/Data/UnityExtensions/Unity/GUISystem/UnityEngine.UI.dll'  GUID: f5f67c52d1564df4a8936ccd202a3bd8
 '/opt/Unity/Editor/Data/UnityExtensions/Unity/Timeline/RuntimeEditor/UnityEngine.Timeline.dll'  GUID: 844f815391db42d49455cbf1a7bfc434
 '/opt/Unity/Editor/Data/UnityExtensions/Unity/Networking/Standalone/UnityEngine.Networking.dll'  GUID: dc443db3e92b4983b9738c1131f555cb
 '/opt/Unity/Editor/Data/UnityExtensions/Unity/UnitySpatialTracking/Runtime/UnityEngine.SpatialTracking.dll'  GUID: ed7343f30e3843b3afda8f8b02669cea
 '/opt/Unity/Editor/Data/UnityExtensions/Unity/UnityGoogleAudioSpatializer/Editor/UnityEditor.GoogleAudioSpatializer.dll'  GUID: 4a3ecb1425d14502837abea459cf2b70
 '/opt/Unity/Editor/Data/UnityExtensions/Unity/Networking/Editor/UnityEditor.Networking.dll'  GUID: 5f32cd94baa94578a686d4b9d6b660f7
 '/opt/Unity/Editor/Data/UnityExtensions/Unity/UnityHoloLens/Runtime/UnityEngine.HoloLens.dll'  GUID: f7b54ff4a43d4fcf81b4538b678e0bcc
 '/opt/Unity/Editor/Data/UnityExtensions/Unity/UnitySpatialTracking/Editor/UnityEditor.SpatialTracking.dll'  GUID: b5da970776034f77a070d99423d68791
 '/opt/Unity/Editor/Data/UnityExtensions/Unity/TreeEditor/Editor/UnityEditor.TreeEditor.dll'  GUID: adebbd281f1a4ef3a30be7f21937e02f
 '/opt/Unity/Editor/Data/UnityExtensions/Unity/Networking/UnityEngine.Networking.dll'  GUID: 870353891bb340e2b2a9c8707e7419ba
 '/opt/Unity/Editor/Data/UnityExtensions/Unity/TestRunner/UnityEngine.TestRunner.dll'  GUID: 53ebcfaa2e1e4e2dbc85882cd5a73fa1
 '/opt/Unity/Editor/Data/UnityExtensions/Unity/UnityGoogleAudioSpatializer/RuntimeEditor/UnityEngine.GoogleAudioSpatializer.dll'  GUID: ead147da21254ff9a0a936bdd75e1680
 '/opt/Unity/Editor/Data/UnityExtensions/Unity/UnityGoogleAudioSpatializer/Runtime/UnityEngine.GoogleAudioSpatializer.dll'  GUID: e4f4cf1b9b434137a499903a7a1d651a
 '/opt/Unity/Editor/Data/UnityExtensions/Unity/UnityVR/Editor/UnityEditor.VR.dll'  GUID: 4ba2329b63d54f0187bcaa12486b1b0f
 '/opt/Unity/Editor/Data/UnityExtensions/Unity/UnityHoloLens/RuntimeEditor/UnityEngine.HoloLens.dll'  GUID: 1c6d1fbb51834b64847b1b73a75bfc77
 '/opt/Unity/Editor/Data/UnityExtensions/Unity/UnitySpatialTracking/RuntimeEditor/UnityEngine.SpatialTracking.dll'  GUID: 3a84de5cd0624681b6b6dcd8921d912a
 '/opt/Unity/Editor/Data/UnityExtensions/Unity/GUISystem/Editor/UnityEditor.UI.dll'  GUID: 80a3616ca19596e4da0f10f14d241e9f
 '/opt/Unity/Editor/Data/UnityExtensions/Unity/UIAutomation/UnityEngine.UIAutomation.dll'  GUID: c768acbc9cf24d398488bb4c93b91288
 '/opt/Unity/Editor/Data/UnityExtensions/Unity/TestRunner/Editor/UnityEditor.TestRunner.dll'  GUID: 4113173d5e95493ab8765d7b08371de4
 '/opt/Unity/Editor/Data/UnityExtensions/Unity/TestRunner/net35/unity-custom/nunit.framework.dll'  GUID: 4b3fa4bde7f1451a8218c03ee6a8ded8
 '/opt/Unity/Editor/Data/UnityExtensions/Unity/UIAutomation/Editor/UnityEditor.UIAutomation.dll'  GUID: b8a0574e92bd43a59e19d6c3c6ae54c7
 '/opt/Unity/Editor/Data/UnityExtensions/Unity/Timeline/Editor/UnityEditor.Timeline.dll'  GUID: 7668179ede524d6396c8b7d84461ea29
Unloading 137 Unused Serialized files (Serialized files now loaded: 0)
System memory in use before: 20,6 MB.
System memory in use after: 20,6 MB.

Unloading 102 unused Assets to reduce memory usage. Loaded Objects now: 698.
Total: 1,599000 ms (FindLiveObjects: 0,751000 ms CreateObjectMapping: 0,018000 ms MarkObjects: 0,747000 ms  DeleteObjects: 0,083000 ms)

GLX Extensions: GLX_ARB_create_context GLX_ARB_create_context_profile GLX_ARB_create_context_robustness GLX_ARB_fbconfig_float GLX_ARB_framebuffer_sRGB GLX_ARB_get_proc_address GLX_ARB_multisample GLX_EXT_buffer_age GLX_EXT_create_context_es2_profile GLX_EXT_create_context_es_profile GLX_EXT_fbconfig_packed_float GLX_EXT_framebuffer_sRGB GLX_EXT_import_context GLX_EXT_texture_from_pixmap GLX_EXT_visual_info GLX_EXT_visual_rating GLX_INTEL_swap_event GLX_MESA_copy_sub_buffer GLX_MESA_multithread_makecurrent GLX_MESA_query_renderer GLX_MESA_swap_control GLX_OML_swap_method GLX_OML_sync_control GLX_SGIS_multisample GLX_SGIX_fbconfig GLX_SGIX_pbuffer GLX_SGIX_visual_select_group GLX_SGI_make_current_read GLX_SGI_swap_control GLX_SGI_video_sync 
GLX Extensions: GLX_ARB_create_context GLX_ARB_create_context_profile GLX_ARB_create_context_robustness GLX_ARB_fbconfig_float GLX_ARB_framebuffer_sRGB GLX_ARB_get_proc_address GLX_ARB_multisample GLX_EXT_buffer_age GLX_EXT_create_context_es2_profile GLX_EXT_create_context_es_profile GLX_EXT_fbconfig_packed_float GLX_EXT_framebuffer_sRGB GLX_EXT_import_context GLX_EXT_texture_from_pixmap GLX_EXT_visual_info GLX_EXT_visual_rating GLX_INTEL_swap_event GLX_MESA_copy_sub_buffer GLX_MESA_multithread_makecurrent GLX_MESA_query_renderer GLX_MESA_swap_control GLX_OML_swap_method GLX_OML_sync_control GLX_SGIS_multisample GLX_SGIX_fbconfig GLX_SGIX_pbuffer GLX_SGIX_visual_select_group GLX_SGI_make_current_read GLX_SGI_swap_control GLX_SGI_video_sync 
GLX Extensions: GLX_ARB_create_context GLX_ARB_create_context_profile GLX_ARB_create_context_robustness GLX_ARB_fbconfig_float GLX_ARB_framebuffer_sRGB GLX_ARB_get_proc_address GLX_ARB_multisample GLX_EXT_buffer_age GLX_EXT_create_context_es2_profile GLX_EXT_create_context_es_profile GLX_EXT_fbconfig_packed_float GLX_EXT_framebuffer_sRGB GLX_EXT_import_context GLX_EXT_texture_from_pixmap GLX_EXT_visual_info GLX_EXT_visual_rating GLX_INTEL_swap_event GLX_MESA_copy_sub_buffer GLX_MESA_multithread_makecurrent GLX_MESA_query_renderer GLX_MESA_swap_control GLX_OML_swap_method GLX_OML_sync_control GLX_SGIS_multisample GLX_SGIX_fbconfig GLX_SGIX_pbuffer GLX_SGIX_visual_select_group GLX_SGI_make_current_read GLX_SGI_swap_control GLX_SGI_video_sync 
requesting resize 795 x 515
resizing window to 795 x 515
Desktop is 1600 x 900 @ 60 Hz
GLX Extensions: GLX_ARB_create_context GLX_ARB_create_context_profile GLX_ARB_create_context_robustness GLX_ARB_fbconfig_float GLX_ARB_framebuffer_sRGB GLX_ARB_get_proc_address GLX_ARB_multisample GLX_EXT_buffer_age GLX_EXT_create_context_es2_profile GLX_EXT_create_context_es_profile GLX_EXT_fbconfig_packed_float GLX_EXT_framebuffer_sRGB GLX_EXT_import_context GLX_EXT_texture_from_pixmap GLX_EXT_visual_info GLX_EXT_visual_rating GLX_INTEL_swap_event GLX_MESA_copy_sub_buffer GLX_MESA_multithread_makecurrent GLX_MESA_query_renderer GLX_MESA_swap_control GLX_OML_swap_method GLX_OML_sync_control GLX_SGIS_multisample GLX_SGIX_fbconfig GLX_SGIX_pbuffer GLX_SGIX_visual_select_group GLX_SGI_make_current_read GLX_SGI_swap_control GLX_SGI_video_sync 
GLX Extensions: GLX_ARB_create_context GLX_ARB_create_context_profile GLX_ARB_create_context_robustness GLX_ARB_fbconfig_float GLX_ARB_framebuffer_sRGB GLX_ARB_get_proc_address GLX_ARB_multisample GLX_EXT_buffer_age GLX_EXT_create_context_es2_profile GLX_EXT_create_context_es_profile GLX_EXT_fbconfig_packed_float GLX_EXT_framebuffer_sRGB GLX_EXT_import_context GLX_EXT_texture_from_pixmap GLX_EXT_visual_info GLX_EXT_visual_rating GLX_INTEL_swap_event GLX_MESA_copy_sub_buffer GLX_MESA_multithread_makecurrent GLX_MESA_query_renderer GLX_MESA_swap_control GLX_OML_swap_method GLX_OML_sync_control GLX_SGIS_multisample GLX_SGIX_fbconfig GLX_SGIX_pbuffer GLX_SGIX_visual_select_group GLX_SGI_make_current_read GLX_SGI_swap_control GLX_SGI_video_sync 
GLX Extensions: GLX_ARB_create_context GLX_ARB_create_context_profile GLX_ARB_create_context_robustness GLX_ARB_fbconfig_float GLX_ARB_framebuffer_sRGB GLX_ARB_get_proc_address GLX_ARB_multisample GLX_EXT_buffer_age GLX_EXT_create_context_es2_profile GLX_EXT_create_context_es_profile GLX_EXT_fbconfig_packed_float GLX_EXT_framebuffer_sRGB GLX_EXT_import_context GLX_EXT_texture_from_pixmap GLX_EXT_visual_info GLX_EXT_visual_rating GLX_INTEL_swap_event GLX_MESA_copy_sub_buffer GLX_MESA_multithread_makecurrent GLX_MESA_query_renderer GLX_MESA_swap_control GLX_OML_swap_method GLX_OML_sync_control GLX_SGIS_multisample GLX_SGIX_fbconfig GLX_SGIX_pbuffer GLX_SGIX_visual_select_group GLX_SGI_make_current_read GLX_SGI_swap_control GLX_SGI_video_sync 
requesting resize 795 x 515
resizing window to 795 x 515
Desktop is 1600 x 900 @ 60 Hz
requesting resize 795 x 515
resizing window to 795 x 515
Desktop is 1600 x 900 @ 60 Hz
GLX Extensions: GLX_ARB_create_context GLX_ARB_create_context_profile GLX_ARB_create_context_robustness GLX_ARB_fbconfig_float GLX_ARB_framebuffer_sRGB GLX_ARB_get_proc_address GLX_ARB_multisample GLX_EXT_buffer_age GLX_EXT_create_context_es2_profile GLX_EXT_create_context_es_profile GLX_EXT_fbconfig_packed_float GLX_EXT_framebuffer_sRGB GLX_EXT_import_context GLX_EXT_texture_from_pixmap GLX_EXT_visual_info GLX_EXT_visual_rating GLX_INTEL_swap_event GLX_MESA_copy_sub_buffer GLX_MESA_multithread_makecurrent GLX_MESA_query_renderer GLX_MESA_swap_control GLX_OML_swap_method GLX_OML_sync_control GLX_SGIS_multisample GLX_SGIX_fbconfig GLX_SGIX_pbuffer GLX_SGIX_visual_select_group GLX_SGI_make_current_read GLX_SGI_swap_control GLX_SGI_video_sync 
GLX Extensions: GLX_ARB_create_context GLX_ARB_create_context_profile GLX_ARB_create_context_robustness GLX_ARB_fbconfig_float GLX_ARB_framebuffer_sRGB GLX_ARB_get_proc_address GLX_ARB_multisample GLX_EXT_buffer_age GLX_EXT_create_context_es2_profile GLX_EXT_create_context_es_profile GLX_EXT_fbconfig_packed_float GLX_EXT_framebuffer_sRGB GLX_EXT_import_context GLX_EXT_texture_from_pixmap GLX_EXT_visual_info GLX_EXT_visual_rating GLX_INTEL_swap_event GLX_MESA_copy_sub_buffer GLX_MESA_multithread_makecurrent GLX_MESA_query_renderer GLX_MESA_swap_control GLX_OML_swap_method GLX_OML_sync_control GLX_SGIS_multisample GLX_SGIX_fbconfig GLX_SGIX_pbuffer GLX_SGIX_visual_select_group GLX_SGI_make_current_read GLX_SGI_swap_control GLX_SGI_video_sync 
GLX Extensions: GLX_ARB_create_context GLX_ARB_create_context_profile GLX_ARB_create_context_robustness GLX_ARB_fbconfig_float GLX_ARB_framebuffer_sRGB GLX_ARB_get_proc_address GLX_ARB_multisample GLX_EXT_buffer_age GLX_EXT_create_context_es2_profile GLX_EXT_create_context_es_profile GLX_EXT_fbconfig_packed_float GLX_EXT_framebuffer_sRGB GLX_EXT_import_context GLX_EXT_texture_from_pixmap GLX_EXT_visual_info GLX_EXT_visual_rating GLX_INTEL_swap_event GLX_MESA_copy_sub_buffer GLX_MESA_multithread_makecurrent GLX_MESA_query_renderer GLX_MESA_swap_control GLX_OML_swap_method GLX_OML_sync_control GLX_SGIS_multisample GLX_SGIX_fbconfig GLX_SGIX_pbuffer GLX_SGIX_visual_select_group GLX_SGI_make_current_read GLX_SGI_swap_control GLX_SGI_video_sync 
GLX Extensions: GLX_ARB_create_context GLX_ARB_create_context_profile GLX_ARB_create_context_robustness GLX_ARB_fbconfig_float GLX_ARB_framebuffer_sRGB GLX_ARB_get_proc_address GLX_ARB_multisample GLX_EXT_buffer_age GLX_EXT_create_context_es2_profile GLX_EXT_create_context_es_profile GLX_EXT_fbconfig_packed_float GLX_EXT_framebuffer_sRGB GLX_EXT_import_context GLX_EXT_texture_from_pixmap GLX_EXT_visual_info GLX_EXT_visual_rating GLX_INTEL_swap_event GLX_MESA_copy_sub_buffer GLX_MESA_multithread_makecurrent GLX_MESA_query_renderer GLX_MESA_swap_control GLX_OML_swap_method GLX_OML_sync_control GLX_SGIS_multisample GLX_SGIX_fbconfig GLX_SGIX_pbuffer GLX_SGIX_visual_select_group GLX_SGI_make_current_read GLX_SGI_swap_control GLX_SGI_video_sync 
GLX Extensions: GLX_ARB_create_context GLX_ARB_create_context_profile GLX_ARB_create_context_robustness GLX_ARB_fbconfig_float GLX_ARB_framebuffer_sRGB GLX_ARB_get_proc_address GLX_ARB_multisample GLX_EXT_buffer_age GLX_EXT_create_context_es2_profile GLX_EXT_create_context_es_profile GLX_EXT_fbconfig_packed_float GLX_EXT_framebuffer_sRGB GLX_EXT_import_context GLX_EXT_texture_from_pixmap GLX_EXT_visual_info GLX_EXT_visual_rating GLX_INTEL_swap_event GLX_MESA_copy_sub_buffer GLX_MESA_multithread_makecurrent GLX_MESA_query_renderer GLX_MESA_swap_control GLX_OML_swap_method GLX_OML_sync_control GLX_SGIS_multisample GLX_SGIX_fbconfig GLX_SGIX_pbuffer GLX_SGIX_visual_select_group GLX_SGI_make_current_read GLX_SGI_swap_control GLX_SGI_video_sync 
GLX Extensions: GLX_ARB_create_context GLX_ARB_create_context_profile GLX_ARB_create_context_robustness GLX_ARB_fbconfig_float GLX_ARB_framebuffer_sRGB GLX_ARB_get_proc_address GLX_ARB_multisample GLX_EXT_buffer_age GLX_EXT_create_context_es2_profile GLX_EXT_create_context_es_profile GLX_EXT_fbconfig_packed_float GLX_EXT_framebuffer_sRGB GLX_EXT_import_context GLX_EXT_texture_from_pixmap GLX_EXT_visual_info GLX_EXT_visual_rating GLX_INTEL_swap_event GLX_MESA_copy_sub_buffer GLX_MESA_multithread_makecurrent GLX_MESA_query_renderer GLX_MESA_swap_control GLX_OML_swap_method GLX_OML_sync_control GLX_SGIS_multisample GLX_SGIX_fbconfig GLX_SGIX_pbuffer GLX_SGIX_visual_select_group GLX_SGI_make_current_read GLX_SGI_swap_control GLX_SGI_video_sync 

LICENSE SYSTEM [2018322 15:28:59] Opening https://license.unity3d.com/update/poll?cmd=2&tx_id=48c6bc427d7194efd826929cae3d5f97


LICENSE SYSTEM [2018322 15:28:59] Posting <?xml version="1.0" encoding="UTF-8"?><root><SystemInfo><IsoCode>fr</IsoCode><UserName>robot</UserName><OperatingSystem>Linux 4.15 unknown 64bit</OperatingSystem><OperatingSystemNumeric>415</OperatingSystemNumeric><ProcessorType>Intel(R) Core(TM) i7-7500U CPU @ 2.70GHz</ProcessorType><ProcessorSpeed>2735</ProcessorSpeed><ProcessorCount>4</ProcessorCount><ProcessorCores>4</ProcessorCores><PhysicalMemoryMB>7775</PhysicalMemoryMB><ComputerName>robot</ComputerName><ComputerModel>PC</ComputerModel><UnityVersion>2017.3.1f1</UnityVersion><SupportedLicenseVersion>6.x</SupportedLicenseVersion></SystemInfo>
  <TimeStamp Value="dmcXZ3JJs189Ug=="/>
    <License id="Terms">
        <MachineBindings>
            <Binding Key="1" Value="eb583e39870f42a6bce02bd00b63da72"/>
            <Binding Key="2" Value="eb583e39870f42a6bce02bd00b63da72"/>
        </MachineBindings>
        <MachineID Value="HxmhhQiyGGgT25BQAd8CTJfr0vg="/>
        <SerialHash Value="299105e60f557f5131beabf626a4d82101ebf450"/>
        <Features>
            <Feature Value="33"/>
            <Feature Value="1"/>
            <Feature Value="12"/>
            <Feature Value="2"/>
            <Feature Value="24"/>
            <Feature Value="3"/>
            <Feature Value="36"/>
            <Feature Value="17"/>
            <Feature Value="19"/>
            <Feature Value="62"/>
        </Features>
        <DeveloperData Value="AQAAAEY0LU41S0ctSE5WNS1KUTZYLVJGNkUtSkVIQw=="/>
        <SerialMasked Value="F4-N5KG-HNV5-JQ6X-RF6E-XXXX"/>
        <StartDate Value="2018-03-15T10:27:48"/>
        <UpdateDate Value="2018-03-16T10:28:57"/>
        <InitialActivationDate Value="2018-03-15T10:27:48"/>
        <LicenseVersion Value="6.x"/>
        <ClientProvidedVersion Value="2017.3.1f1"/>
        <AlwaysOnline Value="false"/>
        <Entitlements>
            <Entitlement Ns="unity_editor" Tag="UnityPersonal" Type="EDITOR" ValidTo="9999-12-31T00:00:00"/>
        </Entitlements>
    </License>
<Signature xmlns="http://www.w3.org/2000/09/xmldsig#"><SignedInfo><CanonicalizationMethod Algorithm="http://www.w3.org/TR/2001/REC-xml-c14n-20010315#WithComments"/><SignatureMethod Algorithm="http://www.w3.org/2000/09/xmldsig#rsa-sha1"/><Reference URI="#Terms"><Transforms><Transform Algorithm="http://www.w3.org/2000/09/xmldsig#enveloped-signature"/></Transforms><DigestMethod Algorithm="http://www.w3.org/2000/09/xmldsig#sha1"/><DigestValue>YAoIuUqFMeAHo2w9MZJ2a6Vv9es=</DigestValue></Reference></SignedInfo><SignatureValue>QXpj4IbGqZ7WbRgv8DdgRe++PznoVIs1XLPn/ZE6jl/Vj8ElSl0YPlCS9oyd9BijBdWZDvEZxgBt
MJrwFSu5JGKR58eU8u3m27PPDB9D+Ke8HU5N8Y9uhn3tjuHuvs8BlL0g/BSYesIvQOWrserZxSFk
vmHIEkOpDaUIWkoOU/9WISpjvKqvCbkuj4Mc75bzaRgQp78tffm+DBwnb9rMM8jJVzA9SSLrCskV
Z/y+pYZuw28ZiL4/TJhMKcJD3PnvWTTJgGwSlDNWGDlPelG3Xnafwcp3lO+ZRk0pPw7w2qzJ5sHL
XVfCZLQR2onadQMZi9MLZiAl0+miQjIFDRNxEA==</SignatureValue></Signature></root>

Refresh: detecting if any assets need to be imported or removed ... Refresh: elapses 0,055234 seconds
Refreshing native plugins compatible for Editor in 4,57 ms, found 0 plugins.
Preloading 0 native plugins for Editor in 0,00 ms.

----- Total AssetImport time: 0,061233s, AssetImport time: 0,000001s, Asset hashing: 0,000000s [0 B, 0,000000 mb/s]

Launched and connected shader compiler UnityShaderCompiler after 0,45 seconds
Issue TrimJob to reduce GI Cache size to maximum 10GB at: '/home/robot/.cache/unity3d/GiCache'
[00:00:02] Enlighten: Precompute started.
[PathTracer] Issuing atlassing job. Atlas hash: bc06a9703e5ae257241f86e6e5e9cb62, width: 1024, height: 1024
TrimDiskCacheJob: Current cache size 293mb
[00:00:02] Enlighten: Finished 1 Layout Systems job (0,00s execute, 0,00s integrate, 0,33s wallclock)
[00:00:03] Enlighten: Finished 1 Tetrahedralize Probes job (0,00s execute, 0,00s integrate, 0,31s wallclock)
[00:00:03] Enlighten: Precompute took 0,638818 seconds.
Enlighten scene contents:   0 geometries.   0 instances.   0 systems.   0 probe groups.   0 cube maps. Scene is up-to-date.
[00:00:03] Enlighten: Bake started.
[PathTracer][LP] Issuing deduplication and tetrahedralization job. Combined: 80257199cfa681a16be5e09b3c2208f4, tetrahedralized probes: 00000000000000000000000000000000, non-tetrahedralized probes: 00000000000000000000000000000000, dependencies: 00000000000000000000000000000000
Setting up 2 worker threads for Enlighten.
  Thread -> id: 7f3fd6125700 -> priority: 1 
  Thread -> id: 7f3fd5924700 -> priority: 1 
[PathTracer][LP] Integrating deduplicated and tetrahedralized probes for hash 80257199cfa681a16be5e09b3c2208f4.
[00:00:03] Enlighten: Finished 1 Bake Runtime job (0,45s execute, 0,00s integrate, 0,61s wallclock)
[00:00:03] Enlighten: Bake took 0,611667 seconds.
[PathTracer] Common reset.
[PathTracer] Lightmap reset.
[PathTracer][LP] Light probes reset.
[PathTracer] building lightmap data asset.
[00:00:06] Enlighten: Reflection Probes started.
[00:00:06] Enlighten: Finished 1 Ambient Probes job (0,00s execute, 0,00s integrate, 0,31s wallclock)
[00:00:07] Enlighten: Finished 1 Reflection Probes job (0,00s execute, 0,00s integrate, 0,31s wallclock)

LICENSE SYSTEM [2018322 15:29:6] Received https://license.unity3d.com/update/poll?cmd=2&tx_id=48c6bc427d7194efd826929cae3d5f97

LICENSE SYSTEM [2018322 15:29:6] Headers:
    HTTP/1.1 200 OK
    X-RX: GEN-69d881c1-0fc7-4204-87d4-7df9897db242
    sc-request-id: 2ae360f3-936a-49c6-890d-3bc23a3b6284
    sc-token-expires-in: 3579
    Vary: Accept-Encoding
    Content-Encoding: deflate
    Content-Type: text/plain
    Date: Thu, 22 Mar 2018 14:28:59 GMT
    Content-Length: 160
    


LICENSE SYSTEM [2018322 15:29:6] Opening https://activation.unity3d.com/license.fcgi?CMD=2&TX=48c6bc427d7194efd826929cae3d5f97&RX=GEN-69d881c1-0fc7-4204-87d4-7df9897db242


LICENSE SYSTEM [2018322 15:29:6] Posting <?xml version="1.0" encoding="UTF-8"?><root><SystemInfo><IsoCode>fr</IsoCode><UserName>robot</UserName><OperatingSystem>Linux 4.15 unknown 64bit</OperatingSystem><OperatingSystemNumeric>415</OperatingSystemNumeric><ProcessorType>Intel(R) Core(TM) i7-7500U CPU @ 2.70GHz</ProcessorType><ProcessorSpeed>2735</ProcessorSpeed><ProcessorCount>4</ProcessorCount><ProcessorCores>4</ProcessorCores><PhysicalMemoryMB>7775</PhysicalMemoryMB><ComputerName>robot</ComputerName><ComputerModel>PC</ComputerModel><UnityVersion>2017.3.1f1</UnityVersion><SupportedLicenseVersion>6.x</SupportedLicenseVersion></SystemInfo>
  <TimeStamp Value="dmcXZ3JJs189Ug=="/>
    <License id="Terms">
        <MachineBindings>
            <Binding Key="1" Value="eb583e39870f42a6bce02bd00b63da72"/>
            <Binding Key="2" Value="eb583e39870f42a6bce02bd00b63da72"/>
        </MachineBindings>
        <MachineID Value="HxmhhQiyGGgT25BQAd8CTJfr0vg="/>
        <SerialHash Value="299105e60f557f5131beabf626a4d82101ebf450"/>
        <Features>
            <Feature Value="33"/>
            <Feature Value="1"/>
            <Feature Value="12"/>
            <Feature Value="2"/>
            <Feature Value="24"/>
            <Feature Value="3"/>
            <Feature Value="36"/>
            <Feature Value="17"/>
            <Feature Value="19"/>
            <Feature Value="62"/>
        </Features>
        <DeveloperData Value="AQAAAEY0LU41S0ctSE5WNS1KUTZYLVJGNkUtSkVIQw=="/>
        <SerialMasked Value="F4-N5KG-HNV5-JQ6X-RF6E-XXXX"/>
        <StartDate Value="2018-03-15T10:27:48"/>
        <UpdateDate Value="2018-03-16T10:28:57"/>
        <InitialActivationDate Value="2018-03-15T10:27:48"/>
        <LicenseVersion Value="6.x"/>
        <ClientProvidedVersion Value="2017.3.1f1"/>
        <AlwaysOnline Value="false"/>
        <Entitlements>
            <Entitlement Ns="unity_editor" Tag="UnityPersonal" Type="EDITOR" ValidTo="9999-12-31T00:00:00"/>
        </Entitlements>
    </License>
<Signature xmlns="http://www.w3.org/2000/09/xmldsig#"><SignedInfo><CanonicalizationMethod Algorithm="http://www.w3.org/TR/2001/REC-xml-c14n-20010315#WithComments"/><SignatureMethod Algorithm="http://www.w3.org/2000/09/xmldsig#rsa-sha1"/><Reference URI="#Terms"><Transforms><Transform Algorithm="http://www.w3.org/2000/09/xmldsig#enveloped-signature"/></Transforms><DigestMethod Algorithm="http://www.w3.org/2000/09/xmldsig#sha1"/><DigestValue>YAoIuUqFMeAHo2w9MZJ2a6Vv9es=</DigestValue></Reference></SignedInfo><SignatureValue>QXpj4IbGqZ7WbRgv8DdgRe++PznoVIs1XLPn/ZE6jl/Vj8ElSl0YPlCS9oyd9BijBdWZDvEZxgBt
MJrwFSu5JGKR58eU8u3m27PPDB9D+Ke8HU5N8Y9uhn3tjuHuvs8BlL0g/BSYesIvQOWrserZxSFk
vmHIEkOpDaUIWkoOU/9WISpjvKqvCbkuj4Mc75bzaRgQp78tffm+DBwnb9rMM8jJVzA9SSLrCskV
Z/y+pYZuw28ZiL4/TJhMKcJD3PnvWTTJgGwSlDNWGDlPelG3Xnafwcp3lO+ZRk0pPw7w2qzJ5sHL
XVfCZLQR2onadQMZi9MLZiAl0+miQjIFDRNxEA==</SignatureValue></Signature></root>


LICENSE SYSTEM [2018322 15:29:12] Received https://activation.unity3d.com/license.fcgi?CMD=2&TX=48c6bc427d7194efd826929cae3d5f97&RX=GEN-69d881c1-0fc7-4204-87d4-7df9897db242

LICENSE SYSTEM [2018322 15:29:12] Headers:
    HTTP/1.1 200 OK
    sc-request-id: 575f4ebd-6528-4e56-849c-1586170f29b2
    sc-token-expires-in: 3572
    Vary: Accept-Encoding
    Content-Encoding: deflate
    Content-Type: text/xml
    Date: Thu, 22 Mar 2018 14:29:04 GMT
    Content-Length: 1056
    


LICENSE SYSTEM [2018322 15:29:12] License updated successfully with user: valentin.marlier@ynov.com 


LICENSE SYSTEM [2018322 15:29:12] Next license update check is after 2018-03-23T14:29:04

Reloading assemblies due to reload request.
Begin MonoManager ReloadAssembly
Refreshing native plugins compatible for Editor in 0,39 ms, found 0 plugins.
Preloading 0 native plugins for Editor in 0,00 ms.
Mono: successfully reloaded assembly
Refreshing native plugins compatible for Editor in 0,36 ms, found 0 plugins.
Preloading 0 native plugins for Editor in 0,00 ms.

----- Total AssetImport time: 0,088650s, AssetImport time: 0,000000s, Asset hashing: 0,000000s [0 B, 0,000000 mb/s]

- Completed reload, in  1,317 seconds
Initializing Unity.PackageManager (PackageManager) v2017.3.1 for Unity v2017.3.1f1
Registering platform support modules:
Registered platform support modules in: 0,0428671s.
Native extension for LinuxStandalone target not found
Refresh: detecting if any assets need to be imported or removed ... Refresh: elapses 0,070301 seconds
Refreshing native plugins compatible for Editor in 0,35 ms, found 0 plugins.
Preloading 0 native plugins for Editor in 0,00 ms.

----- Total AssetImport time: 0,066149s, AssetImport time: 0,000000s, Asset hashing: 0,000000s [0 B, 0,000000 mb/s]

Refresh: detecting if any assets need to be imported or removed ... Refresh: elapses 0,080952 seconds
Refreshing native plugins compatible for Editor in 0,31 ms, found 0 plugins.
Preloading 0 native plugins for Editor in 0,00 ms.

----- Total AssetImport time: 0,068688s, AssetImport time: 0,000000s, Asset hashing: 0,000000s [0 B, 0,000000 mb/s]

Refresh: detecting if any assets need to be imported or removed ... Refresh: elapses 0,087480 seconds
Refreshing native plugins compatible for Editor in 0,31 ms, found 0 plugins.
Preloading 0 native plugins for Editor in 0,00 ms.

----- Total AssetImport time: 0,077094s, AssetImport time: 0,000000s, Asset hashing: 0,000000s [0 B, 0,000000 mb/s]

Refresh: detecting if any assets need to be imported or removed ... Refresh: elapses 0,070037 seconds
Refreshing native plugins compatible for Editor in 0,55 ms, found 0 plugins.
Preloading 0 native plugins for Editor in 0,00 ms.

----- Total AssetImport time: 0,066380s, AssetImport time: 0,000000s, Asset hashing: 0,000000s [0 B, 0,000000 mb/s]

Refresh: detecting if any assets need to be imported or removed ... Refresh: elapses 0,104036 seconds
Refreshing native plugins compatible for Editor in 0,38 ms, found 0 plugins.
Preloading 0 native plugins for Editor in 0,00 ms.

----- Total AssetImport time: 0,095701s, AssetImport time: 0,000000s, Asset hashing: 0,000000s [0 B, 0,000000 mb/s]

Refresh: detecting if any assets need to be imported or removed ... Refresh: elapses 0,071899 seconds
Refreshing native plugins compatible for Editor in 0,31 ms, found 0 plugins.
Preloading 0 native plugins for Editor in 0,00 ms.

----- Total AssetImport time: 0,071729s, AssetImport time: 0,000000s, Asset hashing: 0,000000s [0 B, 0,000000 mb/s]

Refresh: detecting if any assets need to be imported or removed ... Refresh: elapses 0,069045 seconds
Refreshing native plugins compatible for Editor in 0,33 ms, found 0 plugins.
Preloading 0 native plugins for Editor in 0,00 ms.

----- Total AssetImport time: 0,065740s, AssetImport time: 0,000000s, Asset hashing: 0,000000s [0 B, 0,000000 mb/s]

Refresh: detecting if any assets need to be imported or removed ... Refresh: elapses 0,071279 seconds
Refreshing native plugins compatible for Editor in 0,32 ms, found 0 plugins.
Preloading 0 native plugins for Editor in 0,00 ms.

----- Total AssetImport time: 0,066137s, AssetImport time: 0,000000s, Asset hashing: 0,000000s [0 B, 0,000000 mb/s]

Refresh: detecting if any assets need to be imported or removed ... Refresh: elapses 0,064975 seconds
Refreshing native plugins compatible for Editor in 0,42 ms, found 0 plugins.
Preloading 0 native plugins for Editor in 0,00 ms.

----- Total AssetImport time: 0,067468s, AssetImport time: 0,000000s, Asset hashing: 0,000000s [0 B, 0,000000 mb/s]

Refresh: detecting if any assets need to be imported or removed ... Refresh: elapses 0,071090 seconds
Refreshing native plugins compatible for Editor in 0,31 ms, found 0 plugins.
Preloading 0 native plugins for Editor in 0,00 ms.

----- Total AssetImport time: 0,066965s, AssetImport time: 0,000000s, Asset hashing: 0,000000s [0 B, 0,000000 mb/s]

Refresh: detecting if any assets need to be imported or removed ... Refresh: elapses 0,048760 seconds
Refreshing native plugins compatible for Editor in 0,35 ms, found 0 plugins.
Preloading 0 native plugins for Editor in 0,00 ms.

----- Total AssetImport time: 0,051868s, AssetImport time: 0,000000s, Asset hashing: 0,000000s [0 B, 0,000000 mb/s]

UnityConnectUserInfoRequest: Timed out while fetching user - please check your network connection
Request timed out while processing request "https://core.cloud.unity3d.com/api/users/me", HTTP error code 0
.[UnityConnect] Request timed out.
UnityConnectOrganizationRequest: Timed out while fetching orgs - please check your network connection
An error occurred while processing request "https://core.cloud.unity3d.com/api/orgs", HTTP error code 299
.[UnityConnect] An error occurred.
UnityConnectUserInfoRequest: Timed out while fetching user - please check your network connection
Request timed out while processing request "https://core.cloud.unity3d.com/api/users/me", HTTP error code 0
.[UnityConnect] Request timed out.
UnityConnectOrganizationRequest: Timed out while fetching orgs - please check your network connection
An error occurred while processing request "https://core.cloud.unity3d.com/api/orgs", HTTP error code 299
.[UnityConnect] An error occurred.
Refresh: detecting if any assets need to be imported or removed ... Refresh: elapses 0,102171 seconds
Refreshing native plugins compatible for Editor in 0,31 ms, found 0 plugins.
Preloading 0 native plugins for Editor in 0,00 ms.

----- Total AssetImport time: 0,086988s, AssetImport time: 0,000000s, Asset hashing: 0,000000s [0 B, 0,000000 mb/s]

Refresh: detecting if any assets need to be imported or removed ... Refresh: elapses 0,051177 seconds
Refreshing native plugins compatible for Editor in 0,31 ms, found 0 plugins.
Preloading 0 native plugins for Editor in 0,00 ms.

----- Total AssetImport time: 0,051103s, AssetImport time: 0,000000s, Asset hashing: 0,000000s [0 B, 0,000000 mb/s]

Refresh: detecting if any assets need to be imported or removed ... Refresh: elapses 0,072527 seconds
Refreshing native plugins compatible for Editor in 2,46 ms, found 0 plugins.
Preloading 0 native plugins for Editor in 0,00 ms.

----- Total AssetImport time: 0,069665s, AssetImport time: 0,000000s, Asset hashing: 0,000000s [0 B, 0,000000 mb/s]

Refresh: detecting if any assets need to be imported or removed ... Refresh: elapses 0,056137 seconds
Refreshing native plugins compatible for Editor in 0,33 ms, found 0 plugins.
Preloading 0 native plugins for Editor in 0,00 ms.

----- Total AssetImport time: 0,055627s, AssetImport time: 0,000000s, Asset hashing: 0,000000s [0 B, 0,000000 mb/s]

Refresh: detecting if any assets need to be imported or removed ... Refresh: elapses 0,081224 seconds
Refreshing native plugins compatible for Editor in 0,55 ms, found 0 plugins.
Preloading 0 native plugins for Editor in 0,00 ms.

----- Total AssetImport time: 0,092408s, AssetImport time: 0,000000s, Asset hashing: 0,000000s [0 B, 0,000000 mb/s]

Refresh: detecting if any assets need to be imported or removed ... Refresh: elapses 0,063406 seconds
Refreshing native plugins compatible for Editor in 0,31 ms, found 0 plugins.
Preloading 0 native plugins for Editor in 0,00 ms.

----- Total AssetImport time: 0,058080s, AssetImport time: 0,000000s, Asset hashing: 0,000000s [0 B, 0,000000 mb/s]

Refresh: detecting if any assets need to be imported or removed ... Refresh: elapses 0,065857 seconds
Refreshing native plugins compatible for Editor in 0,31 ms, found 0 plugins.
Preloading 0 native plugins for Editor in 0,00 ms.

----- Total AssetImport time: 0,062729s, AssetImport time: 0,000000s, Asset hashing: 0,000000s [0 B, 0,000000 mb/s]

Refresh: detecting if any assets need to be imported or removed ... Refresh: elapses 0,084178 seconds
Refreshing native plugins compatible for Editor in 0,33 ms, found 0 plugins.
Preloading 0 native plugins for Editor in 0,00 ms.

----- Total AssetImport time: 0,083211s, AssetImport time: 0,000000s, Asset hashing: 0,000000s [0 B, 0,000000 mb/s]

Refresh: detecting if any assets need to be imported or removed ... Refresh: elapses 0,069212 seconds
Refreshing native plugins compatible for Editor in 0,31 ms, found 0 plugins.
Preloading 0 native plugins for Editor in 0,00 ms.

----- Total AssetImport time: 0,056917s, AssetImport time: 0,000000s, Asset hashing: 0,000000s [0 B, 0,000000 mb/s]

Refresh: detecting if any assets need to be imported or removed ... Refresh: elapses 0,055489 seconds
Refreshing native plugins compatible for Editor in 0,39 ms, found 0 plugins.
Preloading 0 native plugins for Editor in 0,00 ms.

----- Total AssetImport time: 0,056070s, AssetImport time: 0,000000s, Asset hashing: 0,000000s [0 B, 0,000000 mb/s]

Refresh: detecting if any assets need to be imported or removed ... Refresh: elapses 0,075466 seconds
Refreshing native plugins compatible for Editor in 0,45 ms, found 0 plugins.
Preloading 0 native plugins for Editor in 0,00 ms.

----- Total AssetImport time: 0,078670s, AssetImport time: 0,000000s, Asset hashing: 0,000000s [0 B, 0,000000 mb/s]

Refresh: detecting if any assets need to be imported or removed ... Refresh: elapses 0,080850 seconds
Refreshing native plugins compatible for Editor in 0,30 ms, found 0 plugins.
Preloading 0 native plugins for Editor in 0,00 ms.

----- Total AssetImport time: 0,077033s, AssetImport time: 0,000000s, Asset hashing: 0,000000s [0 B, 0,000000 mb/s]

Refresh: detecting if any assets need to be imported or removed ... Refresh: elapses 0,057172 seconds
Refreshing native plugins compatible for Editor in 0,29 ms, found 0 plugins.
Preloading 0 native plugins for Editor in 0,00 ms.

----- Total AssetImport time: 0,056237s, AssetImport time: 0,000000s, Asset hashing: 0,000000s [0 B, 0,000000 mb/s]

Refresh: detecting if any assets need to be imported or removed ... Refresh: elapses 0,044290 seconds
Refreshing native plugins compatible for Editor in 0,29 ms, found 0 plugins.
Preloading 0 native plugins for Editor in 0,00 ms.

----- Total AssetImport time: 0,045526s, AssetImport time: 0,000000s, Asset hashing: 0,000000s [0 B, 0,000000 mb/s]

Refresh: detecting if any assets need to be imported or removed ... Refresh: elapses 0,051992 seconds
Refreshing native plugins compatible for Editor in 0,31 ms, found 0 plugins.
Preloading 0 native plugins for Editor in 0,00 ms.

----- Total AssetImport time: 0,055969s, AssetImport time: 0,000000s, Asset hashing: 0,000000s [0 B, 0,000000 mb/s]

Refresh: detecting if any assets need to be imported or removed ... Refresh: elapses 0,061836 seconds
Refreshing native plugins compatible for Editor in 0,49 ms, found 0 plugins.
Preloading 0 native plugins for Editor in 0,00 ms.

----- Total AssetImport time: 0,070529s, AssetImport time: 0,000001s, Asset hashing: 0,000000s [0 B, 0,000000 mb/s]

Refresh: detecting if any assets need to be imported or removed ... Refresh: elapses 0,071747 seconds
Refreshing native plugins compatible for Editor in 0,29 ms, found 0 plugins.
Preloading 0 native plugins for Editor in 0,00 ms.

----- Total AssetImport time: 0,061941s, AssetImport time: 0,000000s, Asset hashing: 0,000000s [0 B, 0,000000 mb/s]

Refresh: detecting if any assets need to be imported or removed ... Refresh: elapses 0,039460 seconds
Refreshing native plugins compatible for Editor in 0,29 ms, found 0 plugins.
Preloading 0 native plugins for Editor in 0,00 ms.

----- Total AssetImport time: 0,040526s, AssetImport time: 0,000000s, Asset hashing: 0,000000s [0 B, 0,000000 mb/s]

Refresh: detecting if any assets need to be imported or removed ... Refresh: elapses 0,048830 seconds
Refreshing native plugins compatible for Editor in 0,73 ms, found 0 plugins.
Preloading 0 native plugins for Editor in 0,00 ms.

----- Total AssetImport time: 0,055350s, AssetImport time: 0,000000s, Asset hashing: 0,000000s [0 B, 0,000000 mb/s]

Refresh: detecting if any assets need to be imported or removed ... Refresh: elapses 0,098665 seconds
Refreshing native plugins compatible for Editor in 0,47 ms, found 0 plugins.
Preloading 0 native plugins for Editor in 0,00 ms.

----- Total AssetImport time: 0,105182s, AssetImport time: 0,000000s, Asset hashing: 0,000000s [0 B, 0,000000 mb/s]

Refresh: detecting if any assets need to be imported or removed ... Refresh: elapses 0,099167 seconds
Refreshing native plugins compatible for Editor in 0,29 ms, found 0 plugins.
Preloading 0 native plugins for Editor in 0,00 ms.

----- Total AssetImport time: 0,084407s, AssetImport time: 0,000000s, Asset hashing: 0,000000s [0 B, 0,000000 mb/s]

Refresh: detecting if any assets need to be imported or removed ... Refresh: elapses 0,095616 seconds
Refreshing native plugins compatible for Editor in 0,29 ms, found 0 plugins.
Preloading 0 native plugins for Editor in 0,00 ms.

----- Total AssetImport time: 0,083831s, AssetImport time: 0,000000s, Asset hashing: 0,000000s [0 B, 0,000000 mb/s]

Refresh: detecting if any assets need to be imported or removed ... Refresh: elapses 0,042041 seconds
Refreshing native plugins compatible for Editor in 0,29 ms, found 0 plugins.
Preloading 0 native plugins for Editor in 0,00 ms.

----- Total AssetImport time: 0,042519s, AssetImport time: 0,000000s, Asset hashing: 0,000000s [0 B, 0,000000 mb/s]

Refresh: detecting if any assets need to be imported or removed ... Refresh: elapses 0,048840 seconds
Refreshing native plugins compatible for Editor in 0,30 ms, found 0 plugins.
Preloading 0 native plugins for Editor in 0,00 ms.

----- Total AssetImport time: 0,047337s, AssetImport time: 0,000000s, Asset hashing: 0,000000s [0 B, 0,000000 mb/s]

Refresh: detecting if any assets need to be imported or removed ... Refresh: elapses 0,045777 seconds
Refreshing native plugins compatible for Editor in 0,29 ms, found 0 plugins.
Preloading 0 native plugins for Editor in 0,00 ms.

----- Total AssetImport time: 0,047355s, AssetImport time: 0,000000s, Asset hashing: 0,000000s [0 B, 0,000000 mb/s]

Refresh: detecting if any assets need to be imported or removed ... Refresh: elapses 0,046070 seconds
Refreshing native plugins compatible for Editor in 0,47 ms, found 0 plugins.
Preloading 0 native plugins for Editor in 0,00 ms.

----- Total AssetImport time: 0,051443s, AssetImport time: 0,000001s, Asset hashing: 0,000000s [0 B, 0,000000 mb/s]

Updating Assets/test.unity - GUID: e63478ae7810c400eb833f3855d42ff4...
----- Compute hash for Assets/test.unity.
 done. [Time: 10,933000 ms] 
Refreshing native plugins compatible for Editor in 0,29 ms, found 0 plugins.
Preloading 0 native plugins for Editor in 0,00 ms.

----- Total AssetImport time: 0,096889s, AssetImport time: 0,053408s, Asset hashing: 0,000051s [11,3 KB, 215,586487 mb/s]

Refresh: detecting if any assets need to be imported or removed ... Refresh: elapses 0,035752 seconds
Refreshing native plugins compatible for Editor in 0,29 ms, found 0 plugins.
Preloading 0 native plugins for Editor in 0,00 ms.

----- Total AssetImport time: 0,038143s, AssetImport time: 0,000000s, Asset hashing: 0,000000s [0 B, 0,000000 mb/s]

Refresh: detecting if any assets need to be imported or removed ... Refresh: elapses 0,039009 seconds
Refreshing native plugins compatible for Editor in 0,32 ms, found 0 plugins.
Preloading 0 native plugins for Editor in 0,00 ms.

----- Total AssetImport time: 0,041641s, AssetImport time: 0,000001s, Asset hashing: 0,000000s [0 B, 0,000000 mb/s]

[Package Manager] Server::Kill -- Server was shutdown
Cleanup mono
debugger-agent: Unable to listen on 73
/home/builduser/buildslave/unity/build/Editor/Platform/Linux/UsbDevices.cpp:UsbDevicesQuery
